01:06:13 PM: INFO [colegioLogs.py:19] ('Leyendo archivo prueba.txt',)
01:06:30 PM: INFO [colegioLogs.py:19] ('Leyendo archivo datos.txt',)
01:06:30 PM: INFO [colegioLogs.py:19] ("Cerrando el archivo <_io.TextIOWrapper name='datos.txt' mode='r' encoding='utf-8'>",)
01:07:03 PM: INFO [colegioLogs.py:19] ('Leyendo archivo datos.txt',)
01:07:03 PM: INFO [colegioLogs.py:19] ('Cerrando el archivo datos.txt',)
01:09:51 PM: INFO [colegioLogs.py:19] ('Leyendo archivo datos.txt',)
01:09:51 PM: INFO [colegioLogs.py:19] ('Cerrando el archivo datos.txt',)
01:10:16 PM: INFO [colegioLogs.py:19] ('Leyendo archivo datos.txt',)
01:10:16 PM: INFO [colegioLogs.py:19] ('Cerrando el archivo datos.txt',)
01:12:58 PM: INFO [colegioLogs.py:19] ('Leyendo archivo datos.txt',)
01:12:58 PM: INFO [colegioLogs.py:19] ('Cerrando el archivo datos.txt',)
01:29:48 PM: INFO [colegioLogs.py:19] ('Leyendo archivo datos.txt',)
01:29:48 PM: INFO [colegioLogs.py:19] ('Cerrando el archivo datos.txt',)
01:30:04 PM: INFO [colegioLogs.py:19] ('Leyendo archivo datos.txt',)
01:30:04 PM: INFO [colegioLogs.py:19] ('Cerrando el archivo datos.txt',)
01:30:11 PM: INFO [colegioLogs.py:19] ('Leyendo archivo datos.txt',)
01:30:11 PM: INFO [colegioLogs.py:19] ('Cerrando el archivo datos.txt',)
01:30:58 PM: INFO [colegioLogs.py:19] ('Leyendo archivo datos.txt',)
01:30:58 PM: INFO [colegioLogs.py:19] ('Cerrando el archivo datos.txt',)
01:31:04 PM: INFO [colegioLogs.py:19] ('Leyendo archivo datos.txt',)
01:31:04 PM: INFO [colegioLogs.py:19] ('Cerrando el archivo datos.txt',)
01:31:11 PM: INFO [colegioLogs.py:19] ('Leyendo archivo datos.txt',)
01:31:11 PM: INFO [colegioLogs.py:19] ('Cerrando el archivo datos.txt',)
01:31:36 PM: INFO [colegioLogs.py:19] ('Leyendo archivo datos.txt',)
01:31:36 PM: INFO [colegioLogs.py:19] ('Cerrando el archivo datos.txt',)
01:31:56 PM: INFO [colegioLogs.py:19] ('Leyendo archivo datos.txt',)
01:31:56 PM: INFO [colegioLogs.py:19] ('Cerrando el archivo datos.txt',)
01:32:28 PM: INFO [colegioLogs.py:19] ('Leyendo archivo datos.txt',)
01:32:28 PM: INFO [colegioLogs.py:19] ('Cerrando el archivo datos.txt',)
01:32:34 PM: INFO [colegioLogs.py:19] ('Leyendo archivo datos.txt',)
01:32:34 PM: INFO [colegioLogs.py:19] ('Cerrando el archivo datos.txt',)
01:32:43 PM: INFO [colegioLogs.py:19] ('Leyendo archivo datos.txt',)
01:32:43 PM: INFO [colegioLogs.py:19] ('Cerrando el archivo datos.txt',)
01:33:06 PM: INFO [colegioLogs.py:19] ('Leyendo archivo datos.txt',)
01:33:06 PM: INFO [colegioLogs.py:19] ('Cerrando el archivo datos.txt',)
01:33:11 PM: INFO [colegioLogs.py:19] ('Leyendo archivo datos.txt',)
01:33:11 PM: INFO [colegioLogs.py:19] ('Cerrando el archivo datos.txt',)
01:34:27 PM: INFO [colegioLogs.py:19] ('Leyendo archivo datos.txt',)
01:34:27 PM: INFO [colegioLogs.py:19] ('Cerrando el archivo datos.txt',)
01:34:34 PM: INFO [colegioLogs.py:19] ('Leyendo archivo datos.txt',)
01:34:34 PM: INFO [colegioLogs.py:19] ('Cerrando el archivo datos.txt',)
01:35:11 PM: INFO [colegioLogs.py:19] ('Leyendo archivo datos.txt',)
01:35:11 PM: INFO [colegioLogs.py:19] ('Cerrando el archivo datos.txt',)
01:35:13 PM: INFO [colegioLogs.py:19] ('Leyendo archivo datos.txt',)
01:35:13 PM: INFO [colegioLogs.py:19] ('Cerrando el archivo datos.txt',)
01:35:25 PM: INFO [colegioLogs.py:19] ('Leyendo archivo datos.txt',)
01:35:25 PM: INFO [colegioLogs.py:19] ('Cerrando el archivo datos.txt',)
01:35:27 PM: INFO [colegioLogs.py:19] ('Leyendo archivo datos.txt',)
01:35:27 PM: INFO [colegioLogs.py:19] ('Cerrando el archivo datos.txt',)
01:38:07 PM: INFO [colegioLogs.py:19] ('Leyendo archivo datos.txt',)
01:38:07 PM: INFO [colegioLogs.py:19] ('Cerrando el archivo datos.txt',)
01:38:34 PM: INFO [colegioLogs.py:19] ('Leyendo archivo datos.txt',)
01:38:34 PM: INFO [colegioLogs.py:19] ('Cerrando el archivo datos.txt',)
01:41:49 PM: INFO [colegioLogs.py:19] ('Leyendo archivo datos.txt',)
01:41:49 PM: INFO [colegioLogs.py:19] ('Cerrando el archivo datos.txt',)
01:42:11 PM: INFO [colegioLogs.py:19] ('Leyendo archivo datos.txt',)
01:42:11 PM: INFO [colegioLogs.py:19] ('Cerrando el archivo datos.txt',)
01:43:41 PM: INFO [colegioLogs.py:19] ('Leyendo archivo datos.txt',)
01:43:41 PM: INFO [colegioLogs.py:19] ('Cerrando el archivo datos.txt',)
01:55:54 PM: INFO [colegioLogs.py:19] ('Leyendo archivo datos.txt',)
01:55:54 PM: INFO [colegioLogs.py:19] ('Cerrando el archivo datos.txt',)
01:56:02 PM: INFO [colegioLogs.py:19] ('Leyendo archivo datos.txt',)
01:56:02 PM: INFO [colegioLogs.py:19] ('Cerrando el archivo datos.txt',)
02:02:19 PM: INFO [colegioLogs.py:19] ('Leyendo archivo datos.txt',)
02:02:19 PM: INFO [colegioLogs.py:19] ('Cerrando el archivo datos.txt',)
02:09:37 PM: INFO [colegioLogs.py:19] ('Leyendo archivo datos.txt',)
02:09:37 PM: INFO [colegioLogs.py:19] ('Cerrando el archivo datos.txt',)
02:10:53 PM: INFO [colegioLogs.py:19] ('Leyendo archivo datos.txt',)
02:10:53 PM: INFO [colegioLogs.py:19] ('Cerrando el archivo datos.txt',)
02:11:03 PM: INFO [colegioLogs.py:19] ('Leyendo archivo datos.txt',)
02:11:03 PM: INFO [colegioLogs.py:19] ('Cerrando el archivo datos.txt',)
02:11:41 PM: INFO [colegioLogs.py:19] ('Leyendo archivo datos.txt',)
02:11:41 PM: INFO [colegioLogs.py:19] ('Cerrando el archivo datos.txt',)
02:11:48 PM: INFO [colegioLogs.py:19] ('Leyendo archivo datos.txt',)
02:11:48 PM: INFO [colegioLogs.py:19] ('Cerrando el archivo datos.txt',)
02:12:06 PM: INFO [colegioLogs.py:19] ('Leyendo archivo datos.txt',)
02:12:06 PM: INFO [colegioLogs.py:19] ('Cerrando el archivo datos.txt',)
02:12:27 PM: INFO [colegioLogs.py:19] ('Leyendo archivo datos.txt',)
02:12:27 PM: INFO [colegioLogs.py:19] ('Cerrando el archivo datos.txt',)
02:13:12 PM: INFO [colegioLogs.py:19] ('Leyendo archivo datos.txt',)
02:13:12 PM: INFO [colegioLogs.py:19] ('Cerrando el archivo datos.txt',)
02:13:38 PM: INFO [colegioLogs.py:19] ('Leyendo archivo datos.txt',)
02:13:38 PM: INFO [colegioLogs.py:19] ('Cerrando el archivo datos.txt',)
02:16:23 PM: INFO [colegioLogs.py:19] ('Leyendo archivo datos.txt',)
02:16:23 PM: INFO [colegioLogs.py:19] ('Cerrando el archivo datos.txt',)
02:17:06 PM: INFO [colegioLogs.py:19] ('Leyendo archivo datos.txt',)
02:17:06 PM: INFO [colegioLogs.py:19] ('Cerrando el archivo datos.txt',)
02:18:42 PM: INFO [colegioLogs.py:19] ('Leyendo archivo datos.txt',)
02:18:42 PM: INFO [colegioLogs.py:19] ('Cerrando el archivo datos.txt',)
02:20:17 PM: INFO [colegioLogs.py:19] ('Leyendo archivo datos.txt',)
02:20:17 PM: INFO [colegioLogs.py:19] ('Cerrando el archivo datos.txt',)
02:21:21 PM: INFO [colegioLogs.py:19] ('Leyendo archivo datos.txt',)
02:21:21 PM: INFO [colegioLogs.py:19] ('Cerrando el archivo datos.txt',)
02:22:32 PM: INFO [colegioLogs.py:19] ('Leyendo archivo datos.txt',)
02:22:32 PM: INFO [colegioLogs.py:19] ('Cerrando el archivo datos.txt',)
02:22:32 PM: INFO [main.py:26] [Colegio1, Colegio3, Colegio2]
02:26:01 PM: INFO [colegioLogs.py:19] ('Abriendo archivo datos.txt',)
02:26:01 PM: INFO [colegioLogs.py:19] ('Cerrando el archivo datos.txt',)
02:26:01 PM: INFO [main.py:25] [Colegio1, Colegio3, Colegio2]
02:26:01 PM: INFO [colegioLogs.py:19] ('Abriendo archivo Colegio1.txt',)
02:26:01 PM: INFO [colegioLogs.py:19] ('Cerrando el archivo Colegio1.txt',)
02:26:55 PM: INFO [colegioLogs.py:19] ('Abriendo archivo datos.txt',)
02:26:55 PM: INFO [colegioLogs.py:19] ('Cerrando el archivo datos.txt',)
02:26:55 PM: INFO [main.py:25] [Colegio1, Colegio3, Colegio2]
02:27:04 PM: INFO [colegioLogs.py:19] ('Abriendo archivo datos.txt',)
02:27:04 PM: INFO [colegioLogs.py:19] ('Cerrando el archivo datos.txt',)
02:27:04 PM: INFO [main.py:25] [Colegio1, Colegio3, Colegio2]
02:27:26 PM: INFO [colegioLogs.py:19] ('Abriendo archivo datos.txt',)
02:27:26 PM: INFO [colegioLogs.py:19] ('Cerrando el archivo datos.txt',)
02:27:26 PM: INFO [main.py:25] [Colegio1, Colegio3, Colegio2]
02:27:26 PM: INFO [colegioLogs.py:19] ('Abriendo archivo Colegio1.txt',)
02:27:26 PM: INFO [colegioLogs.py:19] ('Cerrando el archivo Colegio1.txt',)
02:28:02 PM: INFO [colegioLogs.py:19] ('Abriendo archivo datos.txt',)
02:28:02 PM: INFO [colegioLogs.py:19] ('Cerrando el archivo datos.txt',)
02:28:02 PM: INFO [main.py:25] [Colegio1, Colegio3, Colegio2]
02:28:02 PM: INFO [colegioLogs.py:19] ('Abriendo archivo Colegio1.txt',)
02:28:02 PM: INFO [colegioLogs.py:19] ('Cerrando el archivo Colegio1.txt',)
02:28:53 PM: INFO [colegioLogs.py:19] ('Abriendo archivo datos.txt',)
02:28:53 PM: INFO [colegioLogs.py:19] ('Cerrando el archivo datos.txt',)
02:28:53 PM: INFO [main.py:25] [Colegio1, Colegio3, Colegio2]
02:28:53 PM: INFO [colegioLogs.py:19] ('Abriendo archivo Colegio1.txt',)
02:28:53 PM: INFO [colegioLogs.py:19] ('Cerrando el archivo Colegio1.txt',)
02:31:50 PM: INFO [colegioLogs.py:19] ('Abriendo archivo datos.txt',)
02:31:50 PM: INFO [colegioLogs.py:19] ('Cerrando el archivo datos.txt',)
02:31:50 PM: INFO [main.py:25] [Colegio1, Colegio3, Colegio2]
02:31:50 PM: INFO [colegioLogs.py:19] ('Abriendo archivo Colegio1.txt',)
02:31:50 PM: INFO [colegioLogs.py:19] ('Cerrando el archivo Colegio1.txt',)
02:33:43 PM: INFO [colegioLogs.py:19] ('Abriendo archivo datos.txt',)
02:33:43 PM: INFO [colegioLogs.py:19] ('Cerrando el archivo datos.txt',)
02:33:43 PM: INFO [main.py:25] [Colegio1, Colegio3, Colegio2]
02:33:43 PM: INFO [colegioLogs.py:19] ('Abriendo archivo Colegio1.txt',)
02:33:43 PM: INFO [colegioLogs.py:19] ('Cerrando el archivo Colegio1.txt',)
02:33:58 PM: INFO [colegioLogs.py:19] ('Abriendo archivo datos.txt',)
02:33:58 PM: INFO [colegioLogs.py:19] ('Cerrando el archivo datos.txt',)
02:33:58 PM: INFO [main.py:25] [Colegio1, Colegio3, Colegio2]
02:33:58 PM: INFO [colegioLogs.py:19] ('Abriendo archivo Colegio1.txt',)
02:33:58 PM: INFO [colegioLogs.py:19] ('Cerrando el archivo Colegio1.txt',)
02:33:58 PM: INFO [colegioLogs.py:19] ('Abriendo archivo Colegio3.txt',)
02:33:58 PM: INFO [colegioLogs.py:19] ('Cerrando el archivo Colegio3.txt',)
02:33:58 PM: INFO [colegioLogs.py:19] ('Abriendo archivo Colegio2.txt',)
02:33:58 PM: INFO [colegioLogs.py:19] ('Cerrando el archivo Colegio2.txt',)
02:35:20 PM: INFO [colegioLogs.py:19] ('Abriendo archivo datos.txt',)
02:35:20 PM: INFO [colegioLogs.py:19] ('Cerrando el archivo datos.txt',)
02:35:20 PM: INFO [main.py:25] [Colegio1, Colegio3, Colegio2]
02:35:20 PM: INFO [colegioLogs.py:19] ('Abriendo archivo Colegio1.txt',)
02:35:20 PM: INFO [colegioLogs.py:19] ('Cerrando el archivo Colegio1.txt',)
02:35:20 PM: INFO [colegioLogs.py:19] ('Abriendo archivo Colegio3.txt',)
02:35:20 PM: INFO [colegioLogs.py:19] ('Cerrando el archivo Colegio3.txt',)
02:35:20 PM: INFO [colegioLogs.py:19] ('Abriendo archivo Colegio2.txt',)
02:35:20 PM: INFO [colegioLogs.py:19] ('Cerrando el archivo Colegio2.txt',)
