03:36:47 PM: INFO [orquestLogs.py:17] ('Afinando guitarra',)
03:36:47 PM: INFO [orquestLogs.py:17] ('Afinado: True',)
03:36:47 PM: INFO [orquestLogs.py:17] ('Afinando piano',)
03:36:47 PM: INFO [orquestLogs.py:17] ('Afinado: False',)
03:36:47 PM: INFO [orquestLogs.py:17] ('Afinando guitarra_electrica',)
03:36:47 PM: INFO [orquestLogs.py:17] ('Afinado: True',)
03:36:47 PM: INFO [orquestLogs.py:17] ('Afinando tambor',)
03:36:47 PM: INFO [orquestLogs.py:17] ('Afinado: True',)
03:46:38 PM: INFO [orquestLogs.py:17] ('Afinando guitarra',)
03:46:38 PM: INFO [orquestLogs.py:17] ('Afinado: False',)
03:46:38 PM: INFO [orquestLogs.py:17] ('Afinando piano',)
03:46:38 PM: INFO [orquestLogs.py:17] ('Afinado: True',)
03:46:38 PM: INFO [orquestLogs.py:17] ('Afinando guitarra_electrica',)
03:46:38 PM: INFO [orquestLogs.py:17] ('Afinado: True',)
03:46:38 PM: INFO [orquestLogs.py:17] ('Afinando tambor',)
03:46:38 PM: INFO [orquestLogs.py:17] ('Afinado: True',)
03:46:38 PM: ERROR [orquestLogs.py:25] ("Exception - Ocurrió una excepcion: Instrumento guitarra no afinado, no puede tocar , <class 'badTunedException.BadTunedException'>",)
03:46:38 PM: INFO [orquestLogs.py:17] ('Instrumento piano tocando',)
03:46:38 PM: INFO [orquestLogs.py:17] ('Instrumento guitarra_electrica tocando',)
03:46:38 PM: INFO [orquestLogs.py:17] ('Instrumento tambor tocando',)
